\BOOKMARK [1][-]{section.1}{Features}{}% 1
\BOOKMARK [1][-]{section.2}{Programme}{}% 2
\BOOKMARK [2][-]{subsection.2.1}{JAuswertung}{section.2}% 3
\BOOKMARK [3][-]{subsubsection.2.1.1}{Men\374s}{subsection.2.1}% 4
\BOOKMARK [3][-]{subsubsection.2.1.2}{Obere Knopfleiste}{subsection.2.1}% 5
\BOOKMARK [3][-]{subsubsection.2.1.3}{Linke Knopfleisten}{subsection.2.1}% 6
\BOOKMARK [2][-]{subsection.2.2}{Regelwerkseditor}{section.2}% 7
\BOOKMARK [2][-]{subsection.2.3}{Veranstaltungswertung}{section.2}% 8
\BOOKMARK [2][-]{subsection.2.4}{JTeams}{section.2}% 9
\BOOKMARK [2][-]{subsection.2.5}{AlphaServer}{section.2}% 10
\BOOKMARK [1][-]{section.3}{Enthaltene Dateien}{}% 11
\BOOKMARK [2][-]{subsection.3.1}{Punktetabellen}{section.3}% 12
\BOOKMARK [2][-]{subsection.3.2}{HLW-Bahnenprotkoll}{section.3}% 13
\BOOKMARK [1][-]{section.4}{Ablauf eines Wettkampfs}{}% 14
\BOOKMARK [2][-]{subsection.4.1}{Vorbereitungen}{section.4}% 15
\BOOKMARK [2][-]{subsection.4.2}{Vor dem Wettkampf}{section.4}% 16
\BOOKMARK [2][-]{subsection.4.3}{W\344hrend des Wettkampfs}{section.4}% 17
\BOOKMARK [2][-]{subsection.4.4}{Nach dem Wettkampf}{section.4}% 18
\BOOKMARK [1][-]{section.5}{Systemvoraussetzungen}{}% 19
\BOOKMARK [1][-]{section.6}{Download}{}% 20
\BOOKMARK [1][-]{section.7}{Anhang}{}% 21
\BOOKMARK [2][-]{subsection.7.1}{FAQ}{section.7}% 22
\BOOKMARK [2][-]{subsection.7.2}{HTML-Vorlagen}{section.7}% 23
\BOOKMARK [2][-]{subsection.7.3}{Links}{section.7}% 24
\BOOKMARK [2][-]{subsection.7.4}{Lizenzbedingungen}{section.7}% 25
